{"total": {"lines":{"total":54,"covered":50,"skipped":0,"pct":92.59},"statements":{"total":57,"covered":53,"skipped":0,"pct":92.98},"functions":{"total":9,"covered":6,"skipped":0,"pct":66.66},"branches":{"total":16,"covered":15,"skipped":0,"pct":93.75},"branchesTrue":{"total":0,"covered":0,"skipped":0,"pct":100}}
,"/Users/vn/ws/obsidian-wavedrom/main.ts": {"lines":{"total":29,"covered":25,"skipped":0,"pct":86.2},"functions":{"total":5,"covered":2,"skipped":0,"pct":40},"statements":{"total":30,"covered":26,"skipped":0,"pct":86.66},"branches":{"total":8,"covered":8,"skipped":0,"pct":100}}
,"/Users/vn/ws/obsidian-wavedrom/src/lane-factory.ts": {"lines":{"total":1,"covered":1,"skipped":0,"pct":100},"functions":{"total":1,"covered":1,"skipped":0,"pct":100},"statements":{"total":1,"covered":1,"skipped":0,"pct":100},"branches":{"total":0,"covered":0,"skipped":0,"pct":100}}
,"/Users/vn/ws/obsidian-wavedrom/src/render-signal-fresh.ts": {"lines":{"total":24,"covered":24,"skipped":0,"pct":100},"functions":{"total":3,"covered":3,"skipped":0,"pct":100},"statements":{"total":26,"covered":26,"skipped":0,"pct":100},"branches":{"total":8,"covered":7,"skipped":0,"pct":87.5}}
}
